2017-04-19 10:52:52 INFO: nxt.enableStackTraces = "true"
2017-04-19 10:52:52 INFO: nxt.enableLogTraceback = "false"
2017-04-19 10:52:52 INFO: logging enabled
2017-04-19 10:52:52 INFO: nxt.disableGenerateBlocksThread not defined, assuming false
2017-04-19 10:52:52 INFO: nxt.dbCacheKB = "0"
2017-04-19 10:52:52 INFO: nxt.maxRollback = "1440"
2017-04-19 10:52:52 INFO: nxt.isTestnet = "false"
2017-04-19 10:52:52 INFO: nxt.isOffline = "false"
2017-04-19 10:52:52 INFO: nxt.dbUrl = "jdbc:h2:./burst_db/burst;DB_CLOSE_ON_EXIT=FALSE"
2017-04-19 10:52:52 INFO: nxt.maxDbConnections = "30"
2017-04-19 10:52:52 INFO: nxt.dbLoginTimeout = "70"
2017-04-19 10:52:52 INFO: nxt.dbDefaultLockTimeout = "60"
2017-04-19 10:52:52 INFO: nxt.enableTransactionRebroadcasting = "true"
2017-04-19 10:52:52 INFO: nxt.testUnconfirmedTransactions not defined, assuming false
2017-04-19 10:52:52 INFO: burst.rebroadcastAfter = "4"
2017-04-19 10:52:52 INFO: burst.rebroadcastAfter = "4"
2017-04-19 10:52:52 INFO: burst.rebroadcastEvery = "2"
2017-04-19 10:52:52 INFO: burst.rebroadcastEvery = "2"
2017-04-19 10:52:52 INFO: burst.blockCacheMB not defined, assuming 0
2017-04-19 10:52:52 INFO: burst.oclVerify = "false"
2017-04-19 10:52:52 INFO: burst.oclThreshold not defined, assuming 0
2017-04-19 10:52:52 INFO: burst.oclWaitThreshold not defined, assuming 0
2017-04-19 10:52:52 INFO: nxt.trimDerivedTables = "true"
2017-04-19 10:52:52 INFO: nxt.forceScan = "false"
2017-04-19 10:52:52 INFO: nxt.forceValidate = "false"
2017-04-19 10:52:52 INFO: nxt.disableGetMoreBlocksThread not defined, assuming false
2017-04-19 10:52:52 INFO: nxt.disableImportBlocksThread not defined, assuming false
2017-04-19 10:52:52 INFO: nxt.disableProcessTransactionsThread not defined, assuming false
2017-04-19 10:52:52 INFO: nxt.disableRemoveUnconfirmedTransactionsThread not defined, assuming false
2017-04-19 10:52:52 INFO: nxt.disableRebroadcastTransactionsThread not defined, assuming false
2017-04-19 10:52:52 INFO: Initializing an empty database
2017-04-19 10:52:52 INFO: Deleting blockchain...
2017-04-19 10:52:52 INFO: nxt.myPlatform = "PC"
2017-04-19 10:52:52 INFO: nxt.myAddress not defined
2017-04-19 10:52:52 INFO: nxt.peerServerPort = "8123"
2017-04-19 10:52:52 INFO: nxt.shareMyAddress = "true"
2017-04-19 10:52:52 INFO: nxt.myHallmark not defined
2017-04-19 10:52:52 INFO: burst.rebroadcastPeers = "burst.ninja; pool.burstcoin.biz"
2017-04-19 10:52:52 INFO: nxt.wellKnownPeers = "burstcoin.shmtech.biz:9682; 128.171.156.20:8123; 5.9.44.154; cybaer.dyndns.org;  wallet.burstcoin.tech:8121; 91.235.113.249; a.storj.eu"
2017-04-19 10:52:52 INFO: burst.connectWellKnownFirst = "2"
2017-04-19 10:52:52 INFO: nxt.knownBlacklistedPeers not defined
2017-04-19 10:52:52 INFO: nxt.maxNumberOfConnectedPublicPeers = "20"
2017-04-19 10:52:52 INFO: nxt.connectTimeout = "4000"
2017-04-19 10:52:52 INFO: nxt.readTimeout = "8000"
2017-04-19 10:52:52 INFO: nxt.enableHallmarkProtection = "false"
2017-04-19 10:52:52 INFO: nxt.pushThreshold = "0"
2017-04-19 10:52:52 INFO: nxt.pullThreshold = "0"
2017-04-19 10:52:52 INFO: nxt.blacklistingPeriod = "600000"
2017-04-19 10:52:52 INFO: nxt.communicationLoggingMask = "0"
2017-04-19 10:52:52 INFO: nxt.sendToPeersLimit = "10"
2017-04-19 10:52:52 INFO: nxt.usePeersDb = "true"
2017-04-19 10:52:52 INFO: nxt.savePeers = "true"
2017-04-19 10:52:52 INFO: nxt.getMorePeers = "true"
2017-04-19 10:52:52 INFO: nxt.dumpPeersVersion not defined
2017-04-19 10:52:52 INFO: nxt.disablePeerConnectingThread not defined, assuming false
2017-04-19 10:52:52 INFO: nxt.disablePeerUnBlacklistingThread not defined, assuming false
2017-04-19 10:52:52 INFO: nxt.disableGetMorePeersThread not defined, assuming false
2017-04-19 10:52:52 INFO: nxt.peerServerHost = "0.0.0.0"
2017-04-19 10:52:52 INFO: nxt.peerServerIdleTimeout = "30000"
2017-04-19 10:52:52 INFO: nxt.enablePeerServerGZIPFilter = "true"
2017-04-19 10:52:52 INFO: nxt.enablePeerServerDoSFilter = "true"
2017-04-19 10:52:52 INFO: nxt.peerServerDoSFilter.maxRequestsPerSec = "30"
2017-04-19 10:52:52 INFO: nxt.peerServerDoSFilter.delayMs = "1000"
2017-04-19 10:52:52 INFO: nxt.peerServerDoSFilter.maxRequestMs = "300000"
2017-04-19 10:52:52 INFO: nxt.enableDebugAPI = "false"
2017-04-19 10:52:52 INFO: nxt.allowedBotHosts = "127.0.0.1; localhost; [0:0:0:0:0:0:0:1];"
2017-04-19 10:52:52 INFO: nxt.enableAPIServer = "true"
2017-04-19 10:52:52 INFO: nxt.apiServerPort = "8125"
2017-04-19 10:52:52 INFO: nxt.apiServerHost = "127.0.0.1"
2017-04-19 10:52:52 INFO: nxt.apiSSL = "false"
2017-04-19 10:52:52 INFO: nxt.apiServerIdleTimeout = "30000"
2017-04-19 10:52:52 INFO: nxt.apiResourceBase = "html/ui"
2017-04-19 10:52:52 INFO: nxt.javadocResourceBase = "html/doc"
2017-04-19 10:52:52 INFO: nxt.enableAPIServerGZIPFilter = "false"
2017-04-19 10:52:52 INFO: nxt.apiServerCORS = "false"
2017-04-19 10:52:52 INFO: nxt.allowedUserHosts = "127.0.0.1; localhost; [0:0:0:0:0:0:0:1];"
2017-04-19 10:52:52 INFO: nxt.enableUIServer = "false"
2017-04-19 10:52:52 INFO: User interface server not enabled
2017-04-19 10:52:52 INFO: nxt.debugTraceQuote = """
2017-04-19 10:52:52 INFO: nxt.debugTraceSeparator = "	"
2017-04-19 10:52:52 INFO: nxt.debugLogUnconfirmed = "false"
2017-04-19 10:52:52 INFO: nxt.debugTraceAccounts not defined
2017-04-19 10:52:52 INFO: nxt.debugTraceLog = "nxt-trace.csv"
2017-04-19 10:52:52 INFO: Genesis block not in database, starting from scratch
2017-04-19 10:52:52 INFO: Scanning blockchain starting from height 0...
2017-04-19 10:52:53 INFO: processed block 0
2017-04-19 10:52:53 INFO: ...done at height 0
